[ 2015-12-31T14:13:19+08:00 ] 127.0.0.1 /admin/
INFO: [ app_init ] --START--
INFO: Run Behavior\BuildLiteBehavior [ RunTime:0.000012s ]
INFO: [ app_init ] --END-- [ RunTime:0.000578s ]
INFO: [ app_begin ] --START--
INFO: Run Behavior\ReadHtmlCacheBehavior [ RunTime:0.000750s ]
INFO: [ app_begin ] --END-- [ RunTime:0.000788s ]

[ 2015-12-31T14:13:19+08:00 ] 127.0.0.1 /index.php/Admin/Login.html
INFO: [ app_init ] --START--
INFO: Run Behavior\BuildLiteBehavior [ RunTime:0.000012s ]
INFO: [ app_init ] --END-- [ RunTime:0.000246s ]
INFO: [ app_begin ] --START--
INFO: Run Behavior\ReadHtmlCacheBehavior [ RunTime:0.000339s ]
INFO: [ app_begin ] --END-- [ RunTime:0.000383s ]
INFO: [ view_parse ] --START--
INFO: [ template_filter ] --START--
INFO: Run Behavior\ContentReplaceBehavior [ RunTime:0.000136s ]
INFO: [ template_filter ] --END-- [ RunTime:0.000231s ]
INFO: Run Behavior\ParseTemplateBehavior [ RunTime:0.011868s ]
INFO: [ view_parse ] --END-- [ RunTime:0.011946s ]
INFO: [ view_filter ] --START--
INFO: Run Behavior\WriteHtmlCacheBehavior [ RunTime:0.000621s ]
INFO: [ view_filter ] --END-- [ RunTime:0.000675s ]
INFO: [ app_end ] --START--
INFO: Run Behavior\ShowPageTraceBehavior [ RunTime:0.001022s ]
INFO: [ app_end ] --END-- [ RunTime:0.001085s ]

[ 2015-12-31T14:13:21+08:00 ] 127.0.0.1 /index.php/Admin/login/loginAdmin.html
INFO: [ app_init ] --START--
INFO: Run Behavior\BuildLiteBehavior [ RunTime:0.000010s ]
INFO: [ app_init ] --END-- [ RunTime:0.000224s ]
INFO: [ app_begin ] --START--
INFO: Run Behavior\ReadHtmlCacheBehavior [ RunTime:0.000328s ]
INFO: [ app_begin ] --END-- [ RunTime:0.000377s ]
SQL: SHOW COLUMNS FROM `es_admin` [ RunTime:0.0019s ]
SQL: SELECT * FROM `es_admin` WHERE `adminName` = 'admin' AND `adminPassword` = 'e10adc3949ba59abbe56e057f20f883e' LIMIT 1   [ RunTime:0.0003s ]
NOTIC: [8] Use of undefined constant adminid - assumed 'adminid' /Users/Haocheng/Documents/DB/Application/Admin/Controller/LoginController.class.php 第 21 行.

[ 2015-12-31T14:13:21+08:00 ] 127.0.0.1 /index.php/Admin/dashboard/index.html
INFO: [ app_init ] --START--
INFO: Run Behavior\BuildLiteBehavior [ RunTime:0.000009s ]
INFO: [ app_init ] --END-- [ RunTime:0.000215s ]
INFO: [ app_begin ] --START--
INFO: Run Behavior\ReadHtmlCacheBehavior [ RunTime:0.000296s ]
INFO: [ app_begin ] --END-- [ RunTime:0.000331s ]
SQL: SHOW COLUMNS FROM `es_admin` [ RunTime:0.0015s ]
NOTIC: [2] Invalid argument supplied for foreach() /Users/Haocheng/Documents/DB/ThinkPHP/Library/Think/Db/Driver.class.php 第 504 行.
SQL: SELECT * FROM `es_admin` LIMIT 1   [ RunTime:0.0003s ]
NOTIC: [8] Use of undefined constant adminnickname - assumed 'adminnickname' /Users/Haocheng/Documents/DB/Application/Admin/Controller/DashboardController.class.php 第 9 行.
NOTIC: [8] Use of undefined constant superior - assumed 'superior' /Users/Haocheng/Documents/DB/Application/Admin/Controller/DashboardController.class.php 第 10 行.
NOTIC: [8] Use of undefined constant admincount - assumed 'admincount' /Users/Haocheng/Documents/DB/Application/Admin/Controller/DashboardController.class.php 第 39 行.
INFO: [ view_parse ] --START--
INFO: [ template_filter ] --START--
INFO: Run Behavior\ContentReplaceBehavior [ RunTime:0.000055s ]
INFO: [ template_filter ] --END-- [ RunTime:0.000151s ]
INFO: Run Behavior\ParseTemplateBehavior [ RunTime:0.014230s ]
INFO: [ view_parse ] --END-- [ RunTime:0.014291s ]
INFO: [ view_filter ] --START--
INFO: Run Behavior\WriteHtmlCacheBehavior [ RunTime:0.000161s ]
INFO: [ view_filter ] --END-- [ RunTime:0.000191s ]
INFO: [ app_end ] --START--
INFO: Run Behavior\ShowPageTraceBehavior [ RunTime:0.000555s ]
INFO: [ app_end ] --END-- [ RunTime:0.000624s ]

[ 2015-12-31T14:13:29+08:00 ] 127.0.0.1 /admin/dashboard
INFO: [ app_init ] --START--
INFO: Run Behavior\BuildLiteBehavior [ RunTime:0.000011s ]
INFO: [ app_init ] --END-- [ RunTime:0.000243s ]
INFO: [ app_begin ] --START--
INFO: Run Behavior\ReadHtmlCacheBehavior [ RunTime:0.000277s ]
INFO: [ app_begin ] --END-- [ RunTime:0.000311s ]
SQL: SHOW COLUMNS FROM `es_admin` [ RunTime:0.0017s ]
NOTIC: [2] Invalid argument supplied for foreach() /Users/Haocheng/Documents/DB/ThinkPHP/Library/Think/Db/Driver.class.php 第 504 行.
SQL: SELECT * FROM `es_admin` LIMIT 1   [ RunTime:0.0003s ]
NOTIC: [8] Use of undefined constant adminnickname - assumed 'adminnickname' /Users/Haocheng/Documents/DB/Application/Admin/Controller/DashboardController.class.php 第 9 行.
NOTIC: [8] Use of undefined constant superior - assumed 'superior' /Users/Haocheng/Documents/DB/Application/Admin/Controller/DashboardController.class.php 第 10 行.
NOTIC: [8] Use of undefined constant admincount - assumed 'admincount' /Users/Haocheng/Documents/DB/Application/Admin/Controller/DashboardController.class.php 第 39 行.
INFO: [ view_parse ] --START--
INFO: [ template_filter ] --START--
INFO: Run Behavior\ContentReplaceBehavior [ RunTime:0.000051s ]
INFO: [ template_filter ] --END-- [ RunTime:0.000115s ]
INFO: Run Behavior\ParseTemplateBehavior [ RunTime:0.032040s ]
INFO: [ view_parse ] --END-- [ RunTime:0.032102s ]
INFO: [ view_filter ] --START--
INFO: Run Behavior\WriteHtmlCacheBehavior [ RunTime:0.000222s ]
INFO: [ view_filter ] --END-- [ RunTime:0.000273s ]
INFO: [ app_end ] --START--
INFO: Run Behavior\ShowPageTraceBehavior [ RunTime:0.000652s ]
INFO: [ app_end ] --END-- [ RunTime:0.000718s ]

[ 2015-12-31T14:13:31+08:00 ] 127.0.0.1 /admin/dashboard
INFO: [ app_init ] --START--
INFO: Run Behavior\BuildLiteBehavior [ RunTime:0.000034s ]
INFO: [ app_init ] --END-- [ RunTime:0.000307s ]
INFO: [ app_begin ] --START--
INFO: Run Behavior\ReadHtmlCacheBehavior [ RunTime:0.000305s ]
INFO: [ app_begin ] --END-- [ RunTime:0.000341s ]
SQL: SHOW COLUMNS FROM `es_admin` [ RunTime:0.0022s ]
NOTIC: [2] Invalid argument supplied for foreach() /Users/Haocheng/Documents/DB/ThinkPHP/Library/Think/Db/Driver.class.php 第 504 行.
SQL: SELECT * FROM `es_admin` LIMIT 1   [ RunTime:0.0004s ]
NOTIC: [8] Use of undefined constant adminnickname - assumed 'adminnickname' /Users/Haocheng/Documents/DB/Application/Admin/Controller/DashboardController.class.php 第 9 行.
NOTIC: [8] Use of undefined constant superior - assumed 'superior' /Users/Haocheng/Documents/DB/Application/Admin/Controller/DashboardController.class.php 第 10 行.
NOTIC: [8] Use of undefined constant admincount - assumed 'admincount' /Users/Haocheng/Documents/DB/Application/Admin/Controller/DashboardController.class.php 第 39 行.
INFO: [ view_parse ] --START--
INFO: [ template_filter ] --START--
INFO: Run Behavior\ContentReplaceBehavior [ RunTime:0.000032s ]
INFO: [ template_filter ] --END-- [ RunTime:0.000071s ]
INFO: Run Behavior\ParseTemplateBehavior [ RunTime:0.011059s ]
INFO: [ view_parse ] --END-- [ RunTime:0.011110s ]
INFO: [ view_filter ] --START--
INFO: Run Behavior\WriteHtmlCacheBehavior [ RunTime:0.000130s ]
INFO: [ view_filter ] --END-- [ RunTime:0.000158s ]
INFO: [ app_end ] --START--
INFO: Run Behavior\ShowPageTraceBehavior [ RunTime:0.000405s ]
INFO: [ app_end ] --END-- [ RunTime:0.000465s ]

[ 2015-12-31T14:13:33+08:00 ] 127.0.0.1 /index.php/Admin/login/logout.html
INFO: [ app_init ] --START--
INFO: Run Behavior\BuildLiteBehavior [ RunTime:0.000013s ]
INFO: [ app_init ] --END-- [ RunTime:0.000257s ]
INFO: [ app_begin ] --START--
INFO: Run Behavior\ReadHtmlCacheBehavior [ RunTime:0.000345s ]
INFO: [ app_begin ] --END-- [ RunTime:0.000392s ]

[ 2015-12-31T14:13:33+08:00 ] 127.0.0.1 /index.php/Admin.html
INFO: [ app_init ] --START--
INFO: Run Behavior\BuildLiteBehavior [ RunTime:0.000010s ]
INFO: [ app_init ] --END-- [ RunTime:0.000248s ]
INFO: [ app_begin ] --START--
INFO: Run Behavior\ReadHtmlCacheBehavior [ RunTime:0.000275s ]
INFO: [ app_begin ] --END-- [ RunTime:0.000307s ]

[ 2015-12-31T14:13:33+08:00 ] 127.0.0.1 /index.php/Admin/Login.html
INFO: [ app_init ] --START--
INFO: Run Behavior\BuildLiteBehavior [ RunTime:0.000011s ]
INFO: [ app_init ] --END-- [ RunTime:0.000213s ]
INFO: [ app_begin ] --START--
INFO: Run Behavior\ReadHtmlCacheBehavior [ RunTime:0.000264s ]
INFO: [ app_begin ] --END-- [ RunTime:0.000296s ]
INFO: [ view_parse ] --START--
INFO: [ template_filter ] --START--
INFO: Run Behavior\ContentReplaceBehavior [ RunTime:0.000049s ]
INFO: [ template_filter ] --END-- [ RunTime:0.000113s ]
INFO: Run Behavior\ParseTemplateBehavior [ RunTime:0.008550s ]
INFO: [ view_parse ] --END-- [ RunTime:0.008618s ]
INFO: [ view_filter ] --START--
INFO: Run Behavior\WriteHtmlCacheBehavior [ RunTime:0.000169s ]
INFO: [ view_filter ] --END-- [ RunTime:0.000211s ]
INFO: [ app_end ] --START--
INFO: Run Behavior\ShowPageTraceBehavior [ RunTime:0.000511s ]
INFO: [ app_end ] --END-- [ RunTime:0.000573s ]

[ 2015-12-31T14:13:34+08:00 ] 127.0.0.1 /index.php/Admin/login/loginAdmin.html
INFO: [ app_init ] --START--
INFO: Run Behavior\BuildLiteBehavior [ RunTime:0.000017s ]
INFO: [ app_init ] --END-- [ RunTime:0.000302s ]
INFO: [ app_begin ] --START--
INFO: Run Behavior\ReadHtmlCacheBehavior [ RunTime:0.000438s ]
INFO: [ app_begin ] --END-- [ RunTime:0.000491s ]
SQL: SHOW COLUMNS FROM `es_admin` [ RunTime:0.0015s ]
SQL: SELECT * FROM `es_admin` WHERE `adminName` = 'admin' AND `adminPassword` = 'e10adc3949ba59abbe56e057f20f883e' LIMIT 1   [ RunTime:0.0004s ]
NOTIC: [8] Use of undefined constant adminid - assumed 'adminid' /Users/Haocheng/Documents/DB/Application/Admin/Controller/LoginController.class.php 第 21 行.

[ 2015-12-31T14:13:34+08:00 ] 127.0.0.1 /index.php/Admin/dashboard/index.html
INFO: [ app_init ] --START--
INFO: Run Behavior\BuildLiteBehavior [ RunTime:0.000010s ]
INFO: [ app_init ] --END-- [ RunTime:0.000211s ]
INFO: [ app_begin ] --START--
INFO: Run Behavior\ReadHtmlCacheBehavior [ RunTime:0.000411s ]
INFO: [ app_begin ] --END-- [ RunTime:0.000451s ]
SQL: SHOW COLUMNS FROM `es_admin` [ RunTime:0.0013s ]
NOTIC: [2] Invalid argument supplied for foreach() /Users/Haocheng/Documents/DB/ThinkPHP/Library/Think/Db/Driver.class.php 第 504 行.
SQL: SELECT * FROM `es_admin` LIMIT 1   [ RunTime:0.0003s ]
NOTIC: [8] Use of undefined constant adminnickname - assumed 'adminnickname' /Users/Haocheng/Documents/DB/Application/Admin/Controller/DashboardController.class.php 第 9 行.
NOTIC: [8] Use of undefined constant superior - assumed 'superior' /Users/Haocheng/Documents/DB/Application/Admin/Controller/DashboardController.class.php 第 10 行.
NOTIC: [8] Use of undefined constant admincount - assumed 'admincount' /Users/Haocheng/Documents/DB/Application/Admin/Controller/DashboardController.class.php 第 39 行.
INFO: [ view_parse ] --START--
INFO: [ template_filter ] --START--
INFO: Run Behavior\ContentReplaceBehavior [ RunTime:0.000046s ]
INFO: [ template_filter ] --END-- [ RunTime:0.000089s ]
INFO: Run Behavior\ParseTemplateBehavior [ RunTime:0.012381s ]
INFO: [ view_parse ] --END-- [ RunTime:0.012445s ]
INFO: [ view_filter ] --START--
INFO: Run Behavior\WriteHtmlCacheBehavior [ RunTime:0.000259s ]
INFO: [ view_filter ] --END-- [ RunTime:0.000307s ]
INFO: [ app_end ] --START--
INFO: Run Behavior\ShowPageTraceBehavior [ RunTime:0.000518s ]
INFO: [ app_end ] --END-- [ RunTime:0.000581s ]

